

> @ts/next@0.0.1 format /Users/hieudoan/git/github.com/hieudoanm/typescript/templates/frontend/web/react/next.js
> prettier --cache --write . && prisma format

.env.example[2K[1G.gitattributes[2K[1G.gitignore[2K[1G.node-version[2K[1G.npmrc[2K[1G.nvmrc[2K[1G.prettierignore[2K[1G.prettierrc.json[2K[1G[90m.prettierrc.json[39m 9ms (unchanged)
.turbo/turbo-format.log[2K[1GDockerfile[2K[1Geslint.config.mjs
🌼   [35mdaisyUI[39m [2m4.12.23[22m
├─ [32m✔︎[39m 1 theme added[2m		https://daisyui.com/docs/themes[22m
╰─ [32m❤︎[39m [0mSupport daisyUI project:[0m	[2mhttps://opencollective.com/daisyui[22m

[2K[1G[90meslint.config.mjs[39m 328ms (unchanged)
jest.config.ts[2K[1G[90mjest.config.ts[39m 18ms (unchanged)
next.config.mjs[2K[1G[90mnext.config.mjs[39m 3ms (unchanged)
package.json[2K[1G[90mpackage.json[39m 2ms (unchanged)
postcss.config.js[2K[1G[90mpostcss.config.js[39m 1ms (unchanged)
prisma/dbml/schema.dbml[2K[1Gprisma/docs/index.html[2K[1G[90mprisma/docs/index.html[39m 459ms (unchanged)
prisma/docs/styles/main.css[2K[1G[90mprisma/docs/styles/main.css[39m 25ms (unchanged)
prisma/json-schema/json-schema.json[2K[1G[90mprisma/json-schema/json-schema.json[39m 3ms (unchanged)
prisma/md/README.md[2K[1G[90mprisma/md/README.md[39m 14ms (unchanged)
prisma/schema.prisma[2K[1Gpublic/favicon.ico[2K[1Gpublic/manifest.json[2K[1G[90mpublic/manifest.json[39m 1ms (unchanged)
public/next.svg[2K[1Gpublic/robots.txt[2K[1Gpublic/sitemap.xml[2K[1Gpublic/vercel.svg[2K[1GREADME.md[2K[1G[90mREADME.md[39m 0ms (unchanged)
scripts/README.md[2K[1G[90mscripts/README.md[39m 1ms (unchanged)
scripts/set-up.sh[2K[1Gsrc/components/Calendar/__snapshots__/Calendar.test.tsx.snap[2K[1Gsrc/components/Calendar/Calendar.constants.ts[2K[1G[90msrc/components/Calendar/Calendar.constants.ts[39m 7ms (unchanged)
src/components/Calendar/Calendar.test.tsx[2K[1G[90msrc/components/Calendar/Calendar.test.tsx[39m 5ms (unchanged)
src/components/Calendar/Calendar.tsx[2K[1G[90msrc/components/Calendar/Calendar.tsx[39m 35ms (unchanged)
src/components/Calendar/index.ts[2K[1G[90msrc/components/Calendar/index.ts[39m 2ms (unchanged)
src/components/TanstackVirtualTable/__snapshots__/TanstackVirtualTable.test.tsx.snap[2K[1Gsrc/components/TanstackVirtualTable/index.tsx[2K[1G[90msrc/components/TanstackVirtualTable/index.tsx[39m 4ms (unchanged)
src/components/TanstackVirtualTable/TanstackVirtualTable.test.tsx[2K[1G[90msrc/components/TanstackVirtualTable/TanstackVirtualTable.test.tsx[39m 2ms (unchanged)
src/components/TanstackVirtualTable/TanstackVirtualTable.tsx[2K[1G[90msrc/components/TanstackVirtualTable/TanstackVirtualTable.tsx[39m 13ms (unchanged)
src/constants/constants.test.ts[2K[1G[90msrc/constants/constants.test.ts[39m 2ms (unchanged)
src/constants/constants.ts[2K[1G[90msrc/constants/constants.ts[39m 1ms (unchanged)
src/environments/environments.ts[2K[1G[90msrc/environments/environments.ts[39m 2ms (unchanged)
src/images/people.jpg[2K[1Gsrc/log/index.ts[2K[1G[90msrc/log/index.ts[39m 1ms (unchanged)
src/pages/_app.tsx[2K[1G[90msrc/pages/_app.tsx[39m 2ms (unchanged)
src/pages/_document.tsx[2K[1G[90msrc/pages/_document.tsx[39m 3ms (unchanged)
src/pages/api/[...nextauth]/index.ts[2K[1G[90msrc/pages/api/[...nextauth]/index.ts[39m 2ms (unchanged)
src/pages/api/trpc/[trpc].ts[2K[1G[90msrc/pages/api/trpc/[trpc].ts[39m 5ms (unchanged)
src/pages/calendar/index.tsx[2K[1G[90msrc/pages/calendar/index.tsx[39m 2ms (unchanged)
src/pages/index.tsx[2K[1G[90msrc/pages/index.tsx[39m 1ms (unchanged)
src/pages/table/index.tsx[2K[1G[90msrc/pages/table/index.tsx[39m 10ms (unchanged)
src/prisma/prisma.client.ts[2K[1G[90msrc/prisma/prisma.client.ts[39m 2ms (unchanged)
src/router/CalendarPage/CalendarPage.tsx[2K[1G[90msrc/router/CalendarPage/CalendarPage.tsx[39m 4ms (unchanged)
src/server/routers/_app.ts[2K[1G[90msrc/server/routers/_app.ts[39m 4ms (unchanged)
src/server/trpc.ts[2K[1G[90msrc/server/trpc.ts[39m 1ms (unchanged)
src/styles/globals.css[2K[1G[90msrc/styles/globals.css[39m 1ms (unchanged)
src/svg/hero.svg[2K[1Gsrc/svg/logo.svg[2K[1Gsrc/svg/services.svg[2K[1Gsrc/templates/Landing/index.tsx[2K[1G[90msrc/templates/Landing/index.tsx[39m 21ms (unchanged)
src/utils/number.test.ts[2K[1G[90msrc/utils/number.test.ts[39m 3ms (unchanged)
src/utils/number.ts[2K[1G[90msrc/utils/number.ts[39m 2ms (unchanged)
src/utils/stripe.ts[2K[1G[90msrc/utils/stripe.ts[39m 2ms (unchanged)
src/utils/trpc.ts[2K[1G[90msrc/utils/trpc.ts[39m 4ms (unchanged)
tailwind.config.ts[2K[1G[90mtailwind.config.ts[39m 2ms (unchanged)
terraform/main.tf[2K[1Gtsconfig.json[2K[1G[90mtsconfig.json[39m 1ms (unchanged)
vercel.json[2K[1G[90mvercel.json[39m 0ms (unchanged)
[2mPrisma schema loaded from prisma/schema.prisma[22m
Formatted [4mprisma/schema.prisma[24m in 17ms 🚀
